<?xml version="1.0" encoding="UTF-8"?>
<!-- Generated by org.testng.reporters.JUnitReportReporter -->
<testsuite hostname="LAPTOP-7SU4SQ2L" failures="0" tests="1" name="bdd.APIFramework.excelDriven" time="2.698" errors="0" timestamp="2023-03-07T17:39:38 IST" skipped="0">
  <testcase classname="bdd.APIFramework.excelDriven" name="addBook" time="2.698"/>
  <system-out/>
</testsuite> <!-- bdd.APIFramework.excelDriven -->
