<?xml version="1.0" encoding="UTF-8"?>
<!-- Generated by org.testng.reporters.JUnitReportReporter -->
<testsuite hostname="LAPTOP-7SU4SQ2L" failures="0" tests="1" name="RetreiveFromJsonFile" time="1.994" errors="0" timestamp="2021-12-13T02:23:23 IST" skipped="0">
  <testcase classname="RetreiveFromJsonFile" name="addPlace" time="1.994"/>
  <system-out/>
</testsuite> <!-- RetreiveFromJsonFile -->
