<?xml version="1.0" encoding="UTF-8"?>
<!-- Generated by org.testng.reporters.JUnitReportReporter -->
<testsuite hostname="LAPTOP-7SU4SQ2L" failures="0" tests="1" name="SumValidation" time="1.396" errors="0" timestamp="2023-02-28T19:50:18 IST" skipped="0">
  <testcase classname="SumValidation" name="sumOfCourses" time="1.396"/>
  <system-out/>
</testsuite> <!-- SumValidation -->
