<?xml version="1.0" encoding="UTF-8"?>
<!-- Generated by org.testng.reporters.JUnitReportReporter -->
<testsuite hostname="LAPTOP-7SU4SQ2L" failures="0" tests="6" name="files.DynamicJson" time="3.192" errors="0" timestamp="2023-02-28T20:01:42 IST" skipped="0">
  <testcase classname="files.DynamicJson" name="addBook" time="2.465"/>
  <system-out/>
  <testcase classname="files.DynamicJson" name="deleteBook" time="0.154"/>
  <system-out/>
  <testcase classname="files.DynamicJson" name="deleteBook" time="0.119"/>
  <system-out/>
  <testcase classname="files.DynamicJson" name="deleteBook" time="0.150"/>
  <system-out/>
  <testcase classname="files.DynamicJson" name="addBook" time="0.136"/>
  <system-out/>
  <testcase classname="files.DynamicJson" name="addBook" time="0.168"/>
  <system-out/>
</testsuite> <!-- files.DynamicJson -->
